
*** Running vivado
    with args -log rv32_top.vds -m64 -product Vivado -mode batch -messageDb vivado.pb -notrace -source rv32_top.tcl


****** Vivado v2018.3 (64-bit)
  **** SW Build 2405991 on Thu Dec  6 23:38:27 MST 2018
  **** IP Build 2404404 on Fri Dec  7 01:43:56 MST 2018
    ** Copyright 1986-2018 Xilinx, Inc. All Rights Reserved.

source rv32_top.tcl -notrace
Command: synth_design -top rv32_top -part xc7z020clg484-1
Starting synth_design
Attempting to get a license for feature 'Synthesis' and/or device 'xc7z020'
INFO: [Common 17-349] Got license for feature 'Synthesis' and/or device 'xc7z020'
INFO: Launching helper process for spawning children vivado processes
INFO: Helper process launched with PID 35376 
---------------------------------------------------------------------------------
Starting Synthesize : Time (s): cpu = 00:00:01 ; elapsed = 00:00:01 . Memory (MB): peak = 431.059 ; gain = 98.316
---------------------------------------------------------------------------------
INFO: [Synth 8-6157] synthesizing module 'rv32_top' [C:/Users/37664/Desktop/code/VerilogProjects/rv32/rtl/rv32_top.sv:10]
INFO: [Synth 8-6157] synthesizing module 'rv32_core' [C:/Users/37664/Desktop/code/VerilogProjects/rv32/rtl/rv32_core.sv:24]
	Parameter ALU_ADD bound to: 4'b0000 
	Parameter ALU_SUB bound to: 4'b0001 
	Parameter ALU_AND bound to: 4'b0010 
	Parameter ALU_OR bound to: 4'b0011 
	Parameter ALU_XOR bound to: 4'b0100 
	Parameter ALU_SLT bound to: 4'b0101 
	Parameter ALU_SLTU bound to: 4'b0110 
	Parameter ALU_SLL bound to: 4'b0111 
	Parameter ALU_SRL bound to: 4'b1000 
	Parameter ALU_SRA bound to: 4'b1001 
	Parameter ALU_SRC_A_RS1 bound to: 1'b0 
	Parameter ALU_SRC_A_PC bound to: 1'b1 
	Parameter ALU_SRC_B_RS2 bound to: 2'b00 
	Parameter ALU_SRC_B_IMM_I bound to: 2'b01 
	Parameter ALU_SRC_B_IMM_S bound to: 2'b10 
	Parameter ALU_SRC_B_IMM_U bound to: 2'b11 
	Parameter WB_SRC_ALU bound to: 2'b00 
	Parameter WB_SRC_MEM bound to: 2'b01 
	Parameter WB_SRC_PC4 bound to: 2'b10 
	Parameter WB_SRC_IMM_U bound to: 2'b11 
	Parameter PC_SRC_PC4 bound to: 2'b00 
	Parameter PC_SRC_BRANCH bound to: 2'b01 
	Parameter PC_SRC_JAL bound to: 2'b10 
	Parameter PC_SRC_JALR bound to: 2'b11 
INFO: [Synth 8-6157] synthesizing module 'rv32_decode' [C:/Users/37664/Desktop/code/VerilogProjects/rv32/rtl/rv32_decode.sv:15]
INFO: [Synth 8-6155] done synthesizing module 'rv32_decode' (1#1) [C:/Users/37664/Desktop/code/VerilogProjects/rv32/rtl/rv32_decode.sv:15]
INFO: [Synth 8-6157] synthesizing module 'rv32_imm' [C:/Users/37664/Desktop/code/VerilogProjects/rv32/rtl/rv32_imm.sv:15]
INFO: [Synth 8-6155] done synthesizing module 'rv32_imm' (2#1) [C:/Users/37664/Desktop/code/VerilogProjects/rv32/rtl/rv32_imm.sv:15]
INFO: [Synth 8-6157] synthesizing module 'rv32_regfile' [C:/Users/37664/Desktop/code/VerilogProjects/rv32/rtl/rv32_regfile.sv:12]
INFO: [Synth 8-6155] done synthesizing module 'rv32_regfile' (3#1) [C:/Users/37664/Desktop/code/VerilogProjects/rv32/rtl/rv32_regfile.sv:12]
INFO: [Synth 8-6157] synthesizing module 'rv32_alu' [C:/Users/37664/Desktop/code/VerilogProjects/rv32/rtl/rv32_alu.sv:13]
	Parameter ALU_ADD bound to: 4'b0000 
	Parameter ALU_SUB bound to: 4'b0001 
	Parameter ALU_AND bound to: 4'b0010 
	Parameter ALU_OR bound to: 4'b0011 
	Parameter ALU_XOR bound to: 4'b0100 
	Parameter ALU_SLT bound to: 4'b0101 
	Parameter ALU_SLTU bound to: 4'b0110 
	Parameter ALU_SLL bound to: 4'b0111 
	Parameter ALU_SRL bound to: 4'b1000 
	Parameter ALU_SRA bound to: 4'b1001 
INFO: [Synth 8-294] found qualifier unique on case statement: implementing as parallel_case [C:/Users/37664/Desktop/code/VerilogProjects/rv32/rtl/rv32_alu.sv:33]
INFO: [Synth 8-6155] done synthesizing module 'rv32_alu' (4#1) [C:/Users/37664/Desktop/code/VerilogProjects/rv32/rtl/rv32_alu.sv:13]
INFO: [Synth 8-6157] synthesizing module 'rv32_branch' [C:/Users/37664/Desktop/code/VerilogProjects/rv32/rtl/rv32_branch.sv:14]
INFO: [Synth 8-294] found qualifier unique on case statement: implementing as parallel_case [C:/Users/37664/Desktop/code/VerilogProjects/rv32/rtl/rv32_branch.sv:22]
INFO: [Synth 8-6155] done synthesizing module 'rv32_branch' (5#1) [C:/Users/37664/Desktop/code/VerilogProjects/rv32/rtl/rv32_branch.sv:14]
INFO: [Synth 8-226] default block is never used [C:/Users/37664/Desktop/code/VerilogProjects/rv32/rtl/rv32_core.sv:359]
INFO: [Synth 8-226] default block is never used [C:/Users/37664/Desktop/code/VerilogProjects/rv32/rtl/rv32_core.sv:377]
INFO: [Synth 8-294] found qualifier unique on case statement: implementing as parallel_case [C:/Users/37664/Desktop/code/VerilogProjects/rv32/rtl/rv32_core.sv:484]
INFO: [Synth 8-226] default block is never used [C:/Users/37664/Desktop/code/VerilogProjects/rv32/rtl/rv32_core.sv:484]
INFO: [Synth 8-226] default block is never used [C:/Users/37664/Desktop/code/VerilogProjects/rv32/rtl/rv32_core.sv:537]
INFO: [Synth 8-294] found qualifier unique on case statement: implementing as parallel_case [C:/Users/37664/Desktop/code/VerilogProjects/rv32/rtl/rv32_core.sv:602]
INFO: [Synth 8-226] default block is never used [C:/Users/37664/Desktop/code/VerilogProjects/rv32/rtl/rv32_core.sv:602]
INFO: [Synth 8-294] found qualifier unique on case statement: implementing as parallel_case [C:/Users/37664/Desktop/code/VerilogProjects/rv32/rtl/rv32_core.sv:613]
INFO: [Synth 8-6155] done synthesizing module 'rv32_core' (6#1) [C:/Users/37664/Desktop/code/VerilogProjects/rv32/rtl/rv32_core.sv:24]
INFO: [Synth 8-6155] done synthesizing module 'rv32_top' (7#1) [C:/Users/37664/Desktop/code/VerilogProjects/rv32/rtl/rv32_top.sv:10]
WARNING: [Synth 8-3331] design rv32_imm has unconnected port instr[6]
WARNING: [Synth 8-3331] design rv32_imm has unconnected port instr[5]
WARNING: [Synth 8-3331] design rv32_imm has unconnected port instr[4]
WARNING: [Synth 8-3331] design rv32_imm has unconnected port instr[3]
WARNING: [Synth 8-3331] design rv32_imm has unconnected port instr[2]
WARNING: [Synth 8-3331] design rv32_imm has unconnected port instr[1]
WARNING: [Synth 8-3331] design rv32_imm has unconnected port instr[0]
WARNING: [Synth 8-3331] design rv32_core has unconnected port imem_ready
---------------------------------------------------------------------------------
Finished Synthesize : Time (s): cpu = 00:00:02 ; elapsed = 00:00:02 . Memory (MB): peak = 487.496 ; gain = 154.754
---------------------------------------------------------------------------------
---------------------------------------------------------------------------------
Finished Constraint Validation : Time (s): cpu = 00:00:02 ; elapsed = 00:00:02 . Memory (MB): peak = 487.496 ; gain = 154.754
---------------------------------------------------------------------------------
---------------------------------------------------------------------------------
Start Loading Part and Timing Information
---------------------------------------------------------------------------------
Loading part: xc7z020clg484-1
---------------------------------------------------------------------------------
Finished Loading Part and Timing Information : Time (s): cpu = 00:00:02 ; elapsed = 00:00:02 . Memory (MB): peak = 487.496 ; gain = 154.754
---------------------------------------------------------------------------------
INFO: [Device 21-403] Loading part xc7z020clg484-1
INFO: [Synth 8-5544] ROM "id_rf_we" won't be mapped to Block RAM because address size (3) smaller than threshold (5)
INFO: [Synth 8-5587] ROM size for "id_wb_sel" is below threshold of ROM address width. It will be mapped to LUTs
INFO: [Synth 8-5546] ROM "id_alu_src_a_sel" won't be mapped to RAM because it is too sparse
INFO: [Synth 8-5587] ROM size for "id_alu_src_b_sel" is below threshold of ROM address width. It will be mapped to LUTs
INFO: [Synth 8-5546] ROM "id_pc_sel" won't be mapped to RAM because it is too sparse
INFO: [Synth 8-5544] ROM "id_mem_req" won't be mapped to Block RAM because address size (3) smaller than threshold (5)
---------------------------------------------------------------------------------
Finished RTL Optimization Phase 2 : Time (s): cpu = 00:00:02 ; elapsed = 00:00:02 . Memory (MB): peak = 487.496 ; gain = 154.754
---------------------------------------------------------------------------------

Report RTL Partitions: 
+-+--------------+------------+----------+
| |RTL Partition |Replication |Instances |
+-+--------------+------------+----------+
+-+--------------+------------+----------+
No constraint files found.
---------------------------------------------------------------------------------
Start RTL Component Statistics 
---------------------------------------------------------------------------------
Detailed RTL Component Info : 
+---Adders : 
	   2 Input     32 Bit       Adders := 5     
	   3 Input     32 Bit       Adders := 1     
+---XORs : 
	   2 Input     32 Bit         XORs := 1     
+---Registers : 
	               32 Bit    Registers := 15    
	                5 Bit    Registers := 3     
	                4 Bit    Registers := 2     
	                3 Bit    Registers := 2     
	                2 Bit    Registers := 4     
	                1 Bit    Registers := 12    
+---RAMs : 
	             1024 Bit         RAMs := 1     
+---Muxes : 
	   2 Input     32 Bit        Muxes := 11    
	   4 Input     32 Bit        Muxes := 5     
	   2 Input     16 Bit        Muxes := 1     
	   4 Input      8 Bit        Muxes := 1     
	   8 Input      4 Bit        Muxes := 3     
	   2 Input      4 Bit        Muxes := 3     
	  10 Input      4 Bit        Muxes := 1     
	  10 Input      2 Bit        Muxes := 3     
	   4 Input      2 Bit        Muxes := 2     
	   2 Input      1 Bit        Muxes := 10    
	  10 Input      1 Bit        Muxes := 4     
	   4 Input      1 Bit        Muxes := 1     
---------------------------------------------------------------------------------
Finished RTL Component Statistics 
---------------------------------------------------------------------------------
---------------------------------------------------------------------------------
Start RTL Hierarchical Component Statistics 
---------------------------------------------------------------------------------
Hierarchical RTL Component report 
Module rv32_regfile 
Detailed RTL Component Info : 
+---RAMs : 
	             1024 Bit         RAMs := 1     
+---Muxes : 
	   2 Input     32 Bit        Muxes := 2     
Module rv32_alu 
Detailed RTL Component Info : 
+---Adders : 
	   2 Input     32 Bit       Adders := 1     
	   3 Input     32 Bit       Adders := 1     
+---XORs : 
	   2 Input     32 Bit         XORs := 1     
Module rv32_core 
Detailed RTL Component Info : 
+---Adders : 
	   2 Input     32 Bit       Adders := 4     
+---Registers : 
	               32 Bit    Registers := 15    
	                5 Bit    Registers := 3     
	                4 Bit    Registers := 2     
	                3 Bit    Registers := 2     
	                2 Bit    Registers := 4     
	                1 Bit    Registers := 12    
+---Muxes : 
	   2 Input     32 Bit        Muxes := 9     
	   4 Input     32 Bit        Muxes := 5     
	   2 Input     16 Bit        Muxes := 1     
	   4 Input      8 Bit        Muxes := 1     
	   8 Input      4 Bit        Muxes := 3     
	   2 Input      4 Bit        Muxes := 3     
	  10 Input      4 Bit        Muxes := 1     
	  10 Input      2 Bit        Muxes := 3     
	   4 Input      2 Bit        Muxes := 2     
	   2 Input      1 Bit        Muxes := 10    
	  10 Input      1 Bit        Muxes := 4     
	   4 Input      1 Bit        Muxes := 1     
---------------------------------------------------------------------------------
Finished RTL Hierarchical Component Statistics
---------------------------------------------------------------------------------
---------------------------------------------------------------------------------
Start Part Resource Summary
---------------------------------------------------------------------------------
Part Resources:
DSPs: 220 (col length:60)
BRAMs: 280 (col length: RAMB18 60 RAMB36 30)
---------------------------------------------------------------------------------
Finished Part Resource Summary
---------------------------------------------------------------------------------
No constraint files found.
---------------------------------------------------------------------------------
Start Cross Boundary and Area Optimization
---------------------------------------------------------------------------------
Warning: Parallel synthesis criteria is not met 
INFO: [Synth 8-5546] ROM "id_pc_sel" won't be mapped to RAM because it is too sparse
INFO: [Synth 8-5546] ROM "id_alu_src_a_sel" won't be mapped to RAM because it is too sparse
INFO: [Synth 8-5587] ROM size for "id_alu_src_b_sel" is below threshold of ROM address width. It will be mapped to LUTs
INFO: [Synth 8-5587] ROM size for "id_wb_sel" is below threshold of ROM address width. It will be mapped to LUTs
WARNING: [Synth 8-3331] design rv32_core has unconnected port imem_ready
INFO: [Synth 8-3886] merging instance 'u_core/idex_rd_reg[3]' (FDRE) to 'u_core/idex_imm_s_reg[3]'
INFO: [Synth 8-3886] merging instance 'u_core/idex_rd_reg[4]' (FDRE) to 'u_core/idex_imm_s_reg[4]'
INFO: [Synth 8-3886] merging instance 'u_core/idex_rd_reg[2]' (FDRE) to 'u_core/idex_imm_s_reg[2]'
INFO: [Synth 8-3886] merging instance 'u_core/idex_rd_reg[1]' (FDRE) to 'u_core/idex_imm_s_reg[1]'
INFO: [Synth 8-3886] merging instance 'u_core/idex_rd_reg[0]' (FDRE) to 'u_core/idex_imm_s_reg[0]'
INFO: [Synth 8-3886] merging instance 'u_core/idex_imm_i_reg[0]' (FDRE) to 'u_core/idex_imm_u_reg[20]'
INFO: [Synth 8-3886] merging instance 'u_core/idex_imm_s_reg[0]' (FDRE) to 'u_core/idex_imm_b_reg[11]'
INFO: [Synth 8-3886] merging instance 'u_core/idex_imm_u_reg[0]' (FDRE) to 'u_core/idex_imm_u_reg[1]'
INFO: [Synth 8-3886] merging instance 'u_core/idex_imm_i_reg[1]' (FDRE) to 'u_core/idex_imm_u_reg[21]'
INFO: [Synth 8-3886] merging instance 'u_core/idex_imm_s_reg[1]' (FDRE) to 'u_core/idex_imm_b_reg[1]'
INFO: [Synth 8-3886] merging instance 'u_core/idex_imm_u_reg[1]' (FDRE) to 'u_core/idex_imm_u_reg[2]'
INFO: [Synth 8-3886] merging instance 'u_core/idex_imm_i_reg[2]' (FDRE) to 'u_core/idex_imm_u_reg[22]'
INFO: [Synth 8-3886] merging instance 'u_core/idex_imm_s_reg[2]' (FDRE) to 'u_core/idex_imm_b_reg[2]'
INFO: [Synth 8-3886] merging instance 'u_core/idex_imm_u_reg[2]' (FDRE) to 'u_core/idex_imm_u_reg[3]'
INFO: [Synth 8-3886] merging instance 'u_core/idex_imm_i_reg[3]' (FDRE) to 'u_core/idex_imm_u_reg[23]'
INFO: [Synth 8-3886] merging instance 'u_core/idex_imm_s_reg[3]' (FDRE) to 'u_core/idex_imm_b_reg[3]'
INFO: [Synth 8-3886] merging instance 'u_core/idex_imm_u_reg[3]' (FDRE) to 'u_core/idex_imm_u_reg[4]'
INFO: [Synth 8-3886] merging instance 'u_core/idex_imm_i_reg[4]' (FDRE) to 'u_core/idex_imm_u_reg[24]'
INFO: [Synth 8-3886] merging instance 'u_core/idex_imm_s_reg[4]' (FDRE) to 'u_core/idex_imm_b_reg[4]'
INFO: [Synth 8-3886] merging instance 'u_core/idex_imm_u_reg[4]' (FDRE) to 'u_core/idex_imm_u_reg[5]'
INFO: [Synth 8-3886] merging instance 'u_core/idex_imm_i_reg[5]' (FDRE) to 'u_core/idex_imm_s_reg[5]'
INFO: [Synth 8-3886] merging instance 'u_core/idex_imm_s_reg[5]' (FDRE) to 'u_core/idex_imm_u_reg[25]'
INFO: [Synth 8-3886] merging instance 'u_core/idex_imm_u_reg[5]' (FDRE) to 'u_core/idex_imm_u_reg[6]'
INFO: [Synth 8-3886] merging instance 'u_core/idex_imm_i_reg[6]' (FDRE) to 'u_core/idex_imm_s_reg[6]'
INFO: [Synth 8-3886] merging instance 'u_core/idex_imm_s_reg[6]' (FDRE) to 'u_core/idex_imm_u_reg[26]'
INFO: [Synth 8-3886] merging instance 'u_core/idex_imm_u_reg[6]' (FDRE) to 'u_core/idex_imm_u_reg[7]'
INFO: [Synth 8-3886] merging instance 'u_core/idex_imm_i_reg[7]' (FDRE) to 'u_core/idex_imm_s_reg[7]'
INFO: [Synth 8-3886] merging instance 'u_core/idex_imm_s_reg[7]' (FDRE) to 'u_core/idex_imm_u_reg[27]'
INFO: [Synth 8-3886] merging instance 'u_core/idex_imm_u_reg[7]' (FDRE) to 'u_core/idex_imm_u_reg[8]'
INFO: [Synth 8-3886] merging instance 'u_core/idex_imm_i_reg[8]' (FDRE) to 'u_core/idex_imm_s_reg[8]'
INFO: [Synth 8-3886] merging instance 'u_core/idex_imm_s_reg[8]' (FDRE) to 'u_core/idex_imm_u_reg[28]'
INFO: [Synth 8-3886] merging instance 'u_core/idex_imm_u_reg[8]' (FDRE) to 'u_core/idex_imm_u_reg[9]'
INFO: [Synth 8-3886] merging instance 'u_core/idex_imm_i_reg[9]' (FDRE) to 'u_core/idex_imm_s_reg[9]'
INFO: [Synth 8-3886] merging instance 'u_core/idex_imm_s_reg[9]' (FDRE) to 'u_core/idex_imm_u_reg[29]'
INFO: [Synth 8-3886] merging instance 'u_core/idex_imm_u_reg[9]' (FDRE) to 'u_core/idex_imm_u_reg[10]'
INFO: [Synth 8-3886] merging instance 'u_core/idex_imm_i_reg[10]' (FDRE) to 'u_core/idex_imm_s_reg[10]'
INFO: [Synth 8-3886] merging instance 'u_core/idex_imm_s_reg[10]' (FDRE) to 'u_core/idex_imm_u_reg[30]'
INFO: [Synth 8-3886] merging instance 'u_core/idex_imm_u_reg[10]' (FDRE) to 'u_core/idex_imm_u_reg[11]'
INFO: [Synth 8-3886] merging instance 'u_core/idex_imm_i_reg[11]' (FDRE) to 'u_core/idex_imm_i_reg[12]'
INFO: [Synth 8-3886] merging instance 'u_core/idex_imm_s_reg[11]' (FDRE) to 'u_core/idex_imm_i_reg[12]'
INFO: [Synth 8-3886] merging instance 'u_core/idex_imm_u_reg[11]' (FDRE) to 'u_core/idex_imm_j_reg[0]'
INFO: [Synth 8-3886] merging instance 'u_core/idex_imm_i_reg[12]' (FDRE) to 'u_core/idex_imm_i_reg[13]'
INFO: [Synth 8-3886] merging instance 'u_core/idex_imm_s_reg[12]' (FDRE) to 'u_core/idex_imm_i_reg[13]'
INFO: [Synth 8-3886] merging instance 'u_core/idex_imm_u_reg[12]' (FDRE) to 'u_core/idex_funct3_reg[0]'
INFO: [Synth 8-3886] merging instance 'u_core/idex_imm_i_reg[13]' (FDRE) to 'u_core/idex_imm_i_reg[14]'
INFO: [Synth 8-3886] merging instance 'u_core/idex_imm_s_reg[13]' (FDRE) to 'u_core/idex_imm_i_reg[14]'
INFO: [Synth 8-3886] merging instance 'u_core/idex_imm_u_reg[13]' (FDRE) to 'u_core/idex_funct3_reg[1]'
INFO: [Synth 8-3886] merging instance 'u_core/idex_imm_i_reg[14]' (FDRE) to 'u_core/idex_imm_i_reg[15]'
INFO: [Synth 8-3886] merging instance 'u_core/idex_imm_s_reg[14]' (FDRE) to 'u_core/idex_imm_i_reg[15]'
INFO: [Synth 8-3886] merging instance 'u_core/idex_imm_u_reg[14]' (FDRE) to 'u_core/idex_funct3_reg[2]'
INFO: [Synth 8-3886] merging instance 'u_core/idex_imm_i_reg[15]' (FDRE) to 'u_core/idex_imm_i_reg[16]'
INFO: [Synth 8-3886] merging instance 'u_core/idex_imm_s_reg[15]' (FDRE) to 'u_core/idex_imm_i_reg[16]'
INFO: [Synth 8-3886] merging instance 'u_core/idex_imm_u_reg[15]' (FDRE) to 'u_core/idex_imm_j_reg[15]'
INFO: [Synth 8-3886] merging instance 'u_core/idex_imm_i_reg[16]' (FDRE) to 'u_core/idex_imm_i_reg[17]'
INFO: [Synth 8-3886] merging instance 'u_core/idex_imm_s_reg[16]' (FDRE) to 'u_core/idex_imm_i_reg[17]'
INFO: [Synth 8-3886] merging instance 'u_core/idex_imm_u_reg[16]' (FDRE) to 'u_core/idex_imm_j_reg[16]'
INFO: [Synth 8-3886] merging instance 'u_core/idex_imm_i_reg[17]' (FDRE) to 'u_core/idex_imm_i_reg[18]'
INFO: [Synth 8-3886] merging instance 'u_core/idex_imm_s_reg[17]' (FDRE) to 'u_core/idex_imm_i_reg[18]'
INFO: [Synth 8-3886] merging instance 'u_core/idex_imm_u_reg[17]' (FDRE) to 'u_core/idex_imm_j_reg[17]'
INFO: [Synth 8-3886] merging instance 'u_core/idex_imm_i_reg[18]' (FDRE) to 'u_core/idex_imm_i_reg[19]'
INFO: [Synth 8-3886] merging instance 'u_core/idex_imm_s_reg[18]' (FDRE) to 'u_core/idex_imm_i_reg[19]'
INFO: [Synth 8-3886] merging instance 'u_core/idex_imm_u_reg[18]' (FDRE) to 'u_core/idex_imm_j_reg[18]'
INFO: [Synth 8-3886] merging instance 'u_core/idex_imm_i_reg[19]' (FDRE) to 'u_core/idex_imm_i_reg[20]'
INFO: [Synth 8-3886] merging instance 'u_core/idex_imm_s_reg[19]' (FDRE) to 'u_core/idex_imm_i_reg[20]'
INFO: [Synth 8-3886] merging instance 'u_core/idex_imm_u_reg[19]' (FDRE) to 'u_core/idex_imm_j_reg[19]'
INFO: [Synth 8-3886] merging instance 'u_core/idex_imm_i_reg[20]' (FDRE) to 'u_core/idex_imm_i_reg[21]'
INFO: [Synth 8-3886] merging instance 'u_core/idex_imm_s_reg[20]' (FDRE) to 'u_core/idex_imm_i_reg[21]'
INFO: [Synth 8-3886] merging instance 'u_core/idex_imm_u_reg[20]' (FDRE) to 'u_core/idex_imm_j_reg[11]'
INFO: [Synth 8-3886] merging instance 'u_core/idex_imm_i_reg[21]' (FDRE) to 'u_core/idex_imm_i_reg[22]'
INFO: [Synth 8-3886] merging instance 'u_core/idex_imm_s_reg[21]' (FDRE) to 'u_core/idex_imm_i_reg[22]'
INFO: [Synth 8-3886] merging instance 'u_core/idex_imm_u_reg[21]' (FDRE) to 'u_core/idex_imm_j_reg[1]'
INFO: [Synth 8-3886] merging instance 'u_core/idex_imm_i_reg[22]' (FDRE) to 'u_core/idex_imm_i_reg[23]'
INFO: [Synth 8-3886] merging instance 'u_core/idex_imm_s_reg[22]' (FDRE) to 'u_core/idex_imm_i_reg[23]'
INFO: [Synth 8-3886] merging instance 'u_core/idex_imm_u_reg[22]' (FDRE) to 'u_core/idex_imm_j_reg[2]'
INFO: [Synth 8-3886] merging instance 'u_core/idex_imm_i_reg[23]' (FDRE) to 'u_core/idex_imm_i_reg[24]'
INFO: [Synth 8-3886] merging instance 'u_core/idex_imm_s_reg[23]' (FDRE) to 'u_core/idex_imm_i_reg[24]'
INFO: [Synth 8-3886] merging instance 'u_core/idex_imm_u_reg[23]' (FDRE) to 'u_core/idex_imm_j_reg[3]'
INFO: [Synth 8-3886] merging instance 'u_core/idex_imm_i_reg[24]' (FDRE) to 'u_core/idex_imm_i_reg[25]'
INFO: [Synth 8-3886] merging instance 'u_core/idex_imm_s_reg[24]' (FDRE) to 'u_core/idex_imm_i_reg[25]'
INFO: [Synth 8-3886] merging instance 'u_core/idex_imm_u_reg[24]' (FDRE) to 'u_core/idex_imm_j_reg[4]'
INFO: [Synth 8-3886] merging instance 'u_core/idex_imm_i_reg[25]' (FDRE) to 'u_core/idex_imm_i_reg[26]'
INFO: [Synth 8-3886] merging instance 'u_core/idex_imm_s_reg[25]' (FDRE) to 'u_core/idex_imm_i_reg[26]'
INFO: [Synth 8-3886] merging instance 'u_core/idex_imm_u_reg[25]' (FDRE) to 'u_core/idex_imm_j_reg[5]'
INFO: [Synth 8-3886] merging instance 'u_core/idex_imm_i_reg[26]' (FDRE) to 'u_core/idex_imm_i_reg[27]'
INFO: [Synth 8-3886] merging instance 'u_core/idex_imm_s_reg[26]' (FDRE) to 'u_core/idex_imm_i_reg[27]'
INFO: [Synth 8-3886] merging instance 'u_core/idex_imm_u_reg[26]' (FDRE) to 'u_core/idex_imm_j_reg[6]'
INFO: [Synth 8-3886] merging instance 'u_core/idex_imm_i_reg[27]' (FDRE) to 'u_core/idex_imm_i_reg[28]'
INFO: [Synth 8-3886] merging instance 'u_core/idex_imm_s_reg[27]' (FDRE) to 'u_core/idex_imm_i_reg[28]'
INFO: [Synth 8-3886] merging instance 'u_core/idex_imm_u_reg[27]' (FDRE) to 'u_core/idex_imm_j_reg[7]'
INFO: [Synth 8-3886] merging instance 'u_core/idex_imm_i_reg[28]' (FDRE) to 'u_core/idex_imm_i_reg[29]'
INFO: [Synth 8-3886] merging instance 'u_core/idex_imm_s_reg[28]' (FDRE) to 'u_core/idex_imm_i_reg[29]'
INFO: [Synth 8-3886] merging instance 'u_core/idex_imm_u_reg[28]' (FDRE) to 'u_core/idex_imm_j_reg[8]'
INFO: [Synth 8-3886] merging instance 'u_core/idex_imm_i_reg[29]' (FDRE) to 'u_core/idex_imm_i_reg[30]'
INFO: [Synth 8-3886] merging instance 'u_core/idex_imm_s_reg[29]' (FDRE) to 'u_core/idex_imm_i_reg[30]'
INFO: [Synth 8-3886] merging instance 'u_core/idex_imm_u_reg[29]' (FDRE) to 'u_core/idex_imm_j_reg[9]'
INFO: [Synth 8-3886] merging instance 'u_core/idex_imm_i_reg[30]' (FDRE) to 'u_core/idex_imm_i_reg[31]'
INFO: [Synth 8-3886] merging instance 'u_core/idex_imm_s_reg[30]' (FDRE) to 'u_core/idex_imm_i_reg[31]'
INFO: [Synth 8-3886] merging instance 'u_core/idex_imm_u_reg[30]' (FDRE) to 'u_core/idex_imm_j_reg[10]'
INFO: [Synth 8-3886] merging instance 'u_core/idex_imm_i_reg[31]' (FDRE) to 'u_core/idex_imm_s_reg[31]'
INFO: [Synth 8-3886] merging instance 'u_core/idex_imm_s_reg[31]' (FDRE) to 'u_core/idex_imm_u_reg[31]'
INFO: [Common 17-14] Message 'Synth 8-3886' appears 100 times and further instances of the messages will be disabled. Use the Tcl command set_msg_config to change the current settings.
INFO: [Synth 8-3333] propagating constant 0 across sequential element (\u_core/idex_imm_j_reg[0] )
---------------------------------------------------------------------------------
Finished Cross Boundary and Area Optimization : Time (s): cpu = 00:00:06 ; elapsed = 00:00:06 . Memory (MB): peak = 752.109 ; gain = 419.367
---------------------------------------------------------------------------------
---------------------------------------------------------------------------------
Start ROM, RAM, DSP and Shift Register Reporting
---------------------------------------------------------------------------------

Distributed RAM: Preliminary Mapping  Report (see note below)
+------------+----------------------+-----------+----------------------+---------------+
|Module Name | RTL Object           | Inference | Size (Depth x Width) | Primitives    | 
+------------+----------------------+-----------+----------------------+---------------+
|rv32_top    | u_core/u_rf/regs_reg | Implied   | 32 x 32              | RAM32M x 12   | 
+------------+----------------------+-----------+----------------------+---------------+

Note: The table above is a preliminary report that shows the Distributed RAMs at the current stage of the synthesis flow. Some Distributed RAMs may be reimplemented as non Distributed RAM primitives later in the synthesis flow. Multiple instantiated RAMs are reported only once.
---------------------------------------------------------------------------------
Finished ROM, RAM, DSP and Shift Register Reporting
---------------------------------------------------------------------------------

Report RTL Partitions: 
+-+--------------+------------+----------+
| |RTL Partition |Replication |Instances |
+-+--------------+------------+----------+
+-+--------------+------------+----------+
No constraint files found.
---------------------------------------------------------------------------------
Start Timing Optimization
---------------------------------------------------------------------------------
---------------------------------------------------------------------------------
Finished Timing Optimization : Time (s): cpu = 00:00:06 ; elapsed = 00:00:06 . Memory (MB): peak = 752.109 ; gain = 419.367
---------------------------------------------------------------------------------
---------------------------------------------------------------------------------
Start ROM, RAM, DSP and Shift Register Reporting
---------------------------------------------------------------------------------

Distributed RAM: Final Mapping  Report
+------------+----------------------+-----------+----------------------+---------------+
|Module Name | RTL Object           | Inference | Size (Depth x Width) | Primitives    | 
+------------+----------------------+-----------+----------------------+---------------+
|rv32_top    | u_core/u_rf/regs_reg | Implied   | 32 x 32              | RAM32M x 12   | 
+------------+----------------------+-----------+----------------------+---------------+

---------------------------------------------------------------------------------
Finished ROM, RAM, DSP and Shift Register Reporting
---------------------------------------------------------------------------------

Report RTL Partitions: 
+-+--------------+------------+----------+
| |RTL Partition |Replication |Instances |
+-+--------------+------------+----------+
+-+--------------+------------+----------+
---------------------------------------------------------------------------------
Start Technology Mapping
---------------------------------------------------------------------------------
---------------------------------------------------------------------------------
Finished Technology Mapping : Time (s): cpu = 00:00:06 ; elapsed = 00:00:07 . Memory (MB): peak = 752.109 ; gain = 419.367
---------------------------------------------------------------------------------

Report RTL Partitions: 
+-+--------------+------------+----------+
| |RTL Partition |Replication |Instances |
+-+--------------+------------+----------+
+-+--------------+------------+----------+
---------------------------------------------------------------------------------
Start IO Insertion
---------------------------------------------------------------------------------
---------------------------------------------------------------------------------
Start Flattening Before IO Insertion
---------------------------------------------------------------------------------
---------------------------------------------------------------------------------
Finished Flattening Before IO Insertion
---------------------------------------------------------------------------------
---------------------------------------------------------------------------------
Start Final Netlist Cleanup
---------------------------------------------------------------------------------
---------------------------------------------------------------------------------
Finished Final Netlist Cleanup
---------------------------------------------------------------------------------
---------------------------------------------------------------------------------
Finished IO Insertion : Time (s): cpu = 00:00:07 ; elapsed = 00:00:07 . Memory (MB): peak = 752.109 ; gain = 419.367
---------------------------------------------------------------------------------

Report Check Netlist: 
+------+------------------+-------+---------+-------+------------------+
|      |Item              |Errors |Warnings |Status |Description       |
+------+------------------+-------+---------+-------+------------------+
|1     |multi_driven_nets |      0|        0|Passed |Multi driven nets |
+------+------------------+-------+---------+-------+------------------+
---------------------------------------------------------------------------------
Start Renaming Generated Instances
---------------------------------------------------------------------------------
---------------------------------------------------------------------------------
Finished Renaming Generated Instances : Time (s): cpu = 00:00:07 ; elapsed = 00:00:07 . Memory (MB): peak = 752.109 ; gain = 419.367
---------------------------------------------------------------------------------

Report RTL Partitions: 
+-+--------------+------------+----------+
| |RTL Partition |Replication |Instances |
+-+--------------+------------+----------+
+-+--------------+------------+----------+
---------------------------------------------------------------------------------
Start Rebuilding User Hierarchy
---------------------------------------------------------------------------------
---------------------------------------------------------------------------------
Finished Rebuilding User Hierarchy : Time (s): cpu = 00:00:07 ; elapsed = 00:00:07 . Memory (MB): peak = 752.109 ; gain = 419.367
---------------------------------------------------------------------------------
---------------------------------------------------------------------------------
Start Renaming Generated Ports
---------------------------------------------------------------------------------
---------------------------------------------------------------------------------
Finished Renaming Generated Ports : Time (s): cpu = 00:00:07 ; elapsed = 00:00:07 . Memory (MB): peak = 752.109 ; gain = 419.367
---------------------------------------------------------------------------------
---------------------------------------------------------------------------------
Start Handling Custom Attributes
---------------------------------------------------------------------------------
---------------------------------------------------------------------------------
Finished Handling Custom Attributes : Time (s): cpu = 00:00:07 ; elapsed = 00:00:07 . Memory (MB): peak = 752.109 ; gain = 419.367
---------------------------------------------------------------------------------
---------------------------------------------------------------------------------
Start Renaming Generated Nets
---------------------------------------------------------------------------------
---------------------------------------------------------------------------------
Finished Renaming Generated Nets : Time (s): cpu = 00:00:07 ; elapsed = 00:00:07 . Memory (MB): peak = 752.109 ; gain = 419.367
---------------------------------------------------------------------------------
---------------------------------------------------------------------------------
Start Writing Synthesis Report
---------------------------------------------------------------------------------

Report BlackBoxes: 
+-+--------------+----------+
| |BlackBox name |Instances |
+-+--------------+----------+
+-+--------------+----------+

Report Cell Usage: 
+------+-------+------+
|      |Cell   |Count |
+------+-------+------+
|1     |BUFG   |     1|
|2     |CARRY4 |    74|
|3     |LUT1   |     3|
|4     |LUT2   |   127|
|5     |LUT3   |    87|
|6     |LUT4   |   142|
|7     |LUT5   |   187|
|8     |LUT6   |   596|
|9     |MUXF7  |     1|
|10    |RAM32M |    12|
|11    |FDRE   |   380|
|12    |FDSE   |     3|
|13    |IBUF   |    69|
|14    |OBUF   |   103|
+------+-------+------+

Report Instance Areas: 
+------+----------+-------------+------+
|      |Instance  |Module       |Cells |
+------+----------+-------------+------+
|1     |top       |             |  1785|
|2     |  u_core  |rv32_core    |  1612|
|3     |    u_alu |rv32_alu     |   286|
|4     |    u_br  |rv32_branch  |    12|
|5     |    u_rf  |rv32_regfile |    78|
+------+----------+-------------+------+
---------------------------------------------------------------------------------
Finished Writing Synthesis Report : Time (s): cpu = 00:00:07 ; elapsed = 00:00:07 . Memory (MB): peak = 752.109 ; gain = 419.367
---------------------------------------------------------------------------------
Synthesis finished with 0 errors, 0 critical warnings and 9 warnings.
Synthesis Optimization Runtime : Time (s): cpu = 00:00:07 ; elapsed = 00:00:07 . Memory (MB): peak = 752.109 ; gain = 419.367
Synthesis Optimization Complete : Time (s): cpu = 00:00:07 ; elapsed = 00:00:07 . Memory (MB): peak = 752.109 ; gain = 419.367
INFO: [Project 1-571] Translating synthesized netlist
INFO: [Netlist 29-17] Analyzing 87 Unisim elements for replacement
INFO: [Netlist 29-28] Unisim Transformation completed in 0 CPU seconds
INFO: [Project 1-570] Preparing netlist for logic optimization
INFO: [Opt 31-138] Pushed 0 inverter(s) to 0 load pin(s).
Netlist sorting complete. Time (s): cpu = 00:00:00 ; elapsed = 00:00:00 . Memory (MB): peak = 764.625 ; gain = 0.000
INFO: [Project 1-111] Unisim Transformation Summary:
  A total of 12 instances were transformed.
  RAM32M => RAM32M (RAMD32, RAMD32, RAMD32, RAMD32, RAMD32, RAMD32, RAMS32, RAMS32): 12 instances

INFO: [Common 17-83] Releasing license: Synthesis
145 Infos, 9 Warnings, 0 Critical Warnings and 0 Errors encountered.
synth_design completed successfully
synth_design: Time (s): cpu = 00:00:09 ; elapsed = 00:00:11 . Memory (MB): peak = 764.625 ; gain = 444.523
Netlist sorting complete. Time (s): cpu = 00:00:00 ; elapsed = 00:00:00.001 . Memory (MB): peak = 764.625 ; gain = 0.000
WARNING: [Constraints 18-5210] No constraints selected for write.
Resolution: This message can indicate that there are no constraints for the design, or it can indicate that the used_in flags are set such that the constraints are ignored. This later case is used when running synth_design to not write synthesis constraints to the resulting checkpoint. Instead, project constraints are read when the synthesized design is opened.
INFO: [Common 17-1381] The checkpoint 'C:/Users/37664/Desktop/code/VerilogProjects/vivado_project/rv32_sim.runs/synth_1/rv32_top.dcp' has been generated.
INFO: [runtcl-4] Executing : report_utilization -file rv32_top_utilization_synth.rpt -pb rv32_top_utilization_synth.pb
INFO: [Common 17-206] Exiting Vivado at Mon Apr 13 21:04:55 2026...
