#-----------------------------------------------------------
# Vivado v2018.3 (64-bit)
# SW Build 2405991 on Thu Dec  6 23:38:27 MST 2018
# IP Build 2404404 on Fri Dec  7 01:43:56 MST 2018
# Start of session at: Sun Apr 12 23:09:28 2026
# Process ID: 8788
# Current directory: C:/Users/37664/Desktop/code/VerilogProjects
# Command line: vivado.exe vivado_project/rv32_sim.xpr
# Log file: C:/Users/37664/Desktop/code/VerilogProjects/vivado.log
# Journal file: C:/Users/37664/Desktop/code/VerilogProjects\vivado.jou
#-----------------------------------------------------------
start_gui
open_project vivado_project/rv32_sim.xpr
Scanning sources...
Finished scanning sources
INFO: [IP_Flow 19-234] Refreshing IP repositories
INFO: [IP_Flow 19-1704] No user IP repositories specified
INFO: [IP_Flow 19-2313] Loaded Vivado IP repository 'E:/dayingyonganzhuang/Vivado/2018.3/data/ip'.
update_compile_order -fileset sources_1
set_property simulator_language SystemVerilog [current_project]
ERROR: [Common 17-162] Invalid option value specified for 'value'.
set_property -name {simulator_language} -value {SystemVerilog} [current_project]
ERROR: [Common 17-158] 'name' can only be specified once.
set_property target_simulator XSim [current_project]
set_property default_lib xil_defaultlib [current_project]
set_property target_language VHDL [current_project]
set_property target_language Verilog [current_project]
set_property file_type {SystemVerilog} [get_files -of_objects [get_filesets sources_1] "rv32/rtl/*.v"]
WARNING: [Vivado 12-818] No files matched 'rv32/rtl/*.v'
ERROR: [Common 17-55] 'set_property' expects at least one object.
Resolution: If [get_<value>] was used to populate the object, check to make sure this command returns at least one valid object.
add_files -norecurse -scan_for_includes C:/Users/37664/Desktop/code/VerilogProjects/rv32/rtl/rv32_pkg.vh
WARNING: [filemgmt 56-12] File 'C:/Users/37664/Desktop/code/VerilogProjects/rv32/rtl/rv32_pkg.vh' cannot be added to the project because it already exists in the project, skipping this file
add_files -norecurse -scan_for_includes {C:/Users/37664/Desktop/code/VerilogProjects/rv32/rtl/rv32_core.v C:/Users/37664/Desktop/code/VerilogProjects/rv32/rtl/rv32_mem_if.v C:/Users/37664/Desktop/code/VerilogProjects/rv32/rtl/rv32_alu.v C:/Users/37664/Desktop/code/VerilogProjects/rv32/rtl/rv32_branch.v C:/Users/37664/Desktop/code/VerilogProjects/rv32/rtl/rv32_imm.v C:/Users/37664/Desktop/code/VerilogProjects/rv32/rtl/rv32_regfile.v C:/Users/37664/Desktop/code/VerilogProjects/rv32/rtl/rv32_top.v C:/Users/37664/Desktop/code/VerilogProjects/rv32/rtl/rv32_decode.v}
WARNING: [filemgmt 56-12] File 'C:/Users/37664/Desktop/code/VerilogProjects/rv32/rtl/rv32_core.v' cannot be added to the project because it already exists in the project, skipping this file
WARNING: [filemgmt 56-12] File 'C:/Users/37664/Desktop/code/VerilogProjects/rv32/rtl/rv32_mem_if.v' cannot be added to the project because it already exists in the project, skipping this file
WARNING: [filemgmt 56-12] File 'C:/Users/37664/Desktop/code/VerilogProjects/rv32/rtl/rv32_alu.v' cannot be added to the project because it already exists in the project, skipping this file
WARNING: [filemgmt 56-12] File 'C:/Users/37664/Desktop/code/VerilogProjects/rv32/rtl/rv32_branch.v' cannot be added to the project because it already exists in the project, skipping this file
WARNING: [filemgmt 56-12] File 'C:/Users/37664/Desktop/code/VerilogProjects/rv32/rtl/rv32_imm.v' cannot be added to the project because it already exists in the project, skipping this file
WARNING: [filemgmt 56-12] File 'C:/Users/37664/Desktop/code/VerilogProjects/rv32/rtl/rv32_regfile.v' cannot be added to the project because it already exists in the project, skipping this file
WARNING: [filemgmt 56-12] File 'C:/Users/37664/Desktop/code/VerilogProjects/rv32/rtl/rv32_top.v' cannot be added to the project because it already exists in the project, skipping this file
WARNING: [filemgmt 56-12] File 'C:/Users/37664/Desktop/code/VerilogProjects/rv32/rtl/rv32_decode.v' cannot be added to the project because it already exists in the project, skipping this file
exit
INFO: [Common 17-206] Exiting Vivado at Sun Apr 12 23:23:41 2026...
