#-----------------------------------------------------------
# Vivado v2018.3 (64-bit)
# SW Build 2405991 on Thu Dec  6 23:38:27 MST 2018
# IP Build 2404404 on Fri Dec  7 01:43:56 MST 2018
# Start of session at: Sun Apr 12 22:59:34 2026
# Process ID: 42876
# Current directory: C:/Users/37664/Desktop/code/VerilogProjects
# Command line: vivado.exe -mode batch -source temp_vivado_run.tcl -log vivado_sim.log -journal vivado_sim.jou
# Log file: C:/Users/37664/Desktop/code/VerilogProjects/vivado_sim.log
# Journal file: C:/Users/37664/Desktop/code/VerilogProjects\vivado_sim.jou
#-----------------------------------------------------------
source temp_vivado_run.tcl
# open_project vivado_project/rv32_sim.xpr
Scanning sources...
Finished scanning sources
# puts "ゐ雄溘淩..."
ゐ雄溘淩...
# launch_simulation -simset sim_1 -mode behavioral
INFO: [Vivado 12-5682] Launching behavioral simulation in 'C:/Users/37664/Desktop/code/VerilogProjects/vivado_project/rv32_sim.sim/sim_1/behav/xsim'
INFO: [SIM-utils-51] Simulation object is 'sim_1'
INFO: [SIM-utils-54] Inspecting design source files for 'tb_rv32' in fileset 'sim_1'...
INFO: [USF-XSim-97] Finding global include files...
INFO: [USF-XSim-98] Fetching design files from 'sim_1'...
INFO: [USF-XSim-2] XSim::Compile design
INFO: [USF-XSim-61] Executing 'COMPILE and ANALYZE' step in 'C:/Users/37664/Desktop/code/VerilogProjects/vivado_project/rv32_sim.sim/sim_1/behav/xsim'
"xvlog --incr --relax -prj tb_rv32_vlog.prj"
INFO: [VRFC 10-2263] Analyzing Verilog file "C:/Users/37664/Desktop/code/VerilogProjects/rv32/rtl/rv32_alu.v" into library xil_defaultlib
INFO: [VRFC 10-311] analyzing module rv32_alu
ERROR: [VRFC 10-1412] syntax error near begin [C:/Users/37664/Desktop/code/VerilogProjects/rv32/rtl/rv32_alu.v:32]
ERROR: [VRFC 10-2790] Verilog 2000 keyword begin used in incorrect context [C:/Users/37664/Desktop/code/VerilogProjects/rv32/rtl/rv32_alu.v:32]
ERROR: [VRFC 10-2934] 'ALU_SUB' is already declared [C:/Users/37664/Desktop/code/VerilogProjects/rv32/rtl/rv32_alu.v:35]
ERROR: [VRFC 10-1412] syntax error near y [C:/Users/37664/Desktop/code/VerilogProjects/rv32/rtl/rv32_alu.v:35]
ERROR: [VRFC 10-2934] 'ALU_AND' is already declared [C:/Users/37664/Desktop/code/VerilogProjects/rv32/rtl/rv32_alu.v:36]
ERROR: [VRFC 10-1412] syntax error near y [C:/Users/37664/Desktop/code/VerilogProjects/rv32/rtl/rv32_alu.v:36]
ERROR: [VRFC 10-2934] 'ALU_OR' is already declared [C:/Users/37664/Desktop/code/VerilogProjects/rv32/rtl/rv32_alu.v:37]
ERROR: [VRFC 10-1412] syntax error near y [C:/Users/37664/Desktop/code/VerilogProjects/rv32/rtl/rv32_alu.v:37]
ERROR: [VRFC 10-2934] 'ALU_XOR' is already declared [C:/Users/37664/Desktop/code/VerilogProjects/rv32/rtl/rv32_alu.v:38]
ERROR: [VRFC 10-1412] syntax error near y [C:/Users/37664/Desktop/code/VerilogProjects/rv32/rtl/rv32_alu.v:38]
ERROR: [VRFC 10-2934] 'ALU_SLT' is already declared [C:/Users/37664/Desktop/code/VerilogProjects/rv32/rtl/rv32_alu.v:39]
ERROR: [VRFC 10-1412] syntax error near y [C:/Users/37664/Desktop/code/VerilogProjects/rv32/rtl/rv32_alu.v:39]
ERROR: [VRFC 10-2934] 'ALU_SLTU' is already declared [C:/Users/37664/Desktop/code/VerilogProjects/rv32/rtl/rv32_alu.v:40]
ERROR: [VRFC 10-1412] syntax error near y [C:/Users/37664/Desktop/code/VerilogProjects/rv32/rtl/rv32_alu.v:40]
ERROR: [VRFC 10-2934] 'ALU_SLL' is already declared [C:/Users/37664/Desktop/code/VerilogProjects/rv32/rtl/rv32_alu.v:41]
ERROR: [VRFC 10-1412] syntax error near y [C:/Users/37664/Desktop/code/VerilogProjects/rv32/rtl/rv32_alu.v:41]
ERROR: [VRFC 10-2934] 'ALU_SRL' is already declared [C:/Users/37664/Desktop/code/VerilogProjects/rv32/rtl/rv32_alu.v:42]
ERROR: [VRFC 10-1412] syntax error near y [C:/Users/37664/Desktop/code/VerilogProjects/rv32/rtl/rv32_alu.v:42]
ERROR: [VRFC 10-2934] 'ALU_SRA' is already declared [C:/Users/37664/Desktop/code/VerilogProjects/rv32/rtl/rv32_alu.v:43]
INFO: [#UNDEF] Sorry, too many errors..
INFO: [USF-XSim-69] 'compile' step finished in '3' seconds
INFO: [USF-XSim-99] Step results log file:'C:/Users/37664/Desktop/code/VerilogProjects/vivado_project/rv32_sim.sim/sim_1/behav/xsim/xvlog.log'
ERROR: [USF-XSim-62] 'compile' step failed with error(s). Please check the Tcl console output or 'C:/Users/37664/Desktop/code/VerilogProjects/vivado_project/rv32_sim.sim/sim_1/behav/xsim/xvlog.log' file for more information.
ERROR: [Vivado 12-4473] Detected error while running simulation. Please correct the issue and retry this operation.
launch_simulation: Time (s): cpu = 00:00:00 ; elapsed = 00:00:06 . Memory (MB): peak = 333.500 ; gain = 11.391
ERROR: [Common 17-39] 'launch_simulation' failed due to earlier errors.

    while executing
"launch_simulation -simset sim_1 -mode behavioral"
    (file "temp_vivado_run.tcl" line 5)
INFO: [Common 17-206] Exiting Vivado at Sun Apr 12 22:59:43 2026...
