#-----------------------------------------------------------
# Vivado v2018.3 (64-bit)
# SW Build 2405991 on Thu Dec  6 23:38:27 MST 2018
# IP Build 2404404 on Fri Dec  7 01:43:56 MST 2018
# Start of session at: Sun Apr 12 23:27:25 2026
# Process ID: 43892
# Current directory: C:/Users/37664/Desktop/code/VerilogProjects
# Command line: vivado.exe vivado_project/rv32_sim.xpr
# Log file: C:/Users/37664/Desktop/code/VerilogProjects/vivado.log
# Journal file: C:/Users/37664/Desktop/code/VerilogProjects\vivado.jou
#-----------------------------------------------------------
start_gui
open_project vivado_project/rv32_sim.xpr
Scanning sources...
Finished scanning sources
INFO: [IP_Flow 19-234] Refreshing IP repositories
INFO: [IP_Flow 19-1704] No user IP repositories specified
INFO: [IP_Flow 19-2313] Loaded Vivado IP repository 'E:/dayingyonganzhuang/Vivado/2018.3/data/ip'.
update_compile_order -fileset sources_1
update_compile_order -fileset sources_1
launch_runs synth_1 -jobs 16
[Sun Apr 12 23:27:58 2026] Launched synth_1...
Run output will be captured here: C:/Users/37664/Desktop/code/VerilogProjects/vivado_project/rv32_sim.runs/synth_1/runme.log
reset_run synth_1
launch_runs impl_1 -jobs 16
[Sun Apr 12 23:28:24 2026] Launched synth_1...
Run output will be captured here: C:/Users/37664/Desktop/code/VerilogProjects/vivado_project/rv32_sim.runs/synth_1/runme.log
[Sun Apr 12 23:28:24 2026] Launched impl_1...
Run output will be captured here: C:/Users/37664/Desktop/code/VerilogProjects/vivado_project/rv32_sim.runs/impl_1/runme.log
reset_run synth_1
launch_runs impl_1 -jobs 16
[Sun Apr 12 23:28:43 2026] Launched synth_1...
Run output will be captured here: C:/Users/37664/Desktop/code/VerilogProjects/vivado_project/rv32_sim.runs/synth_1/runme.log
[Sun Apr 12 23:28:43 2026] Launched impl_1...
Run output will be captured here: C:/Users/37664/Desktop/code/VerilogProjects/vivado_project/rv32_sim.runs/impl_1/runme.log
exit
INFO: [Common 17-206] Exiting Vivado at Sun Apr 12 23:47:46 2026...
