#-----------------------------------------------------------
# Vivado v2018.3 (64-bit)
# SW Build 2405991 on Thu Dec  6 23:38:27 MST 2018
# IP Build 2404404 on Fri Dec  7 01:43:56 MST 2018
# Start of session at: Sun Apr 12 22:50:46 2026
# Process ID: 47600
# Current directory: C:/Users/37664/Desktop/code/VerilogProjects
# Command line: vivado.exe -mode batch -source temp_vivado_create.tcl -log vivado_create.log -journal vivado_create.jou
# Log file: C:/Users/37664/Desktop/code/VerilogProjects/vivado_create.log
# Journal file: C:/Users/37664/Desktop/code/VerilogProjects\vivado_create.jou
#-----------------------------------------------------------
source temp_vivado_create.tcl
# set project_name "rv32_sim"
# set project_dir "vivado_project"
# set rtl_dir "rv32\rtl"
# set tb_dir "rv32\tb"
# if {[file exists $project_dir]} {
#     puts "ЩОГ§ОЩЯюФП..."
#     file delete -force $project_dir
# }
ЩОГ§ОЩЯюФП...
# puts "ДДНЈЯюФП: $project_name"
ДДНЈЯюФП: rv32_sim
# create_project $project_name $project_dir -part xc7z020clg484-1
# set_property -name {simulator_language} -value {SystemVerilog} [current_project]
ERROR: [Common 17-158] 'name' can only be specified once.
INFO: [Common 17-206] Exiting Vivado at Sun Apr 12 22:50:48 2026...
