#-----------------------------------------------------------
# Vivado v2018.3 (64-bit)
# SW Build 2405991 on Thu Dec  6 23:38:27 MST 2018
# IP Build 2404404 on Fri Dec  7 01:43:56 MST 2018
# Start of session at: Sun Apr 12 23:24:00 2026
# Process ID: 48540
# Current directory: C:/Users/37664/Desktop/code/VerilogProjects
# Command line: vivado.exe -mode batch -source temp_vivado_create.tcl -log vivado_create.log -journal vivado_create.jou
# Log file: C:/Users/37664/Desktop/code/VerilogProjects/vivado_create.log
# Journal file: C:/Users/37664/Desktop/code/VerilogProjects\vivado_create.jou
#-----------------------------------------------------------
source temp_vivado_create.tcl
# set project_name "rv32_sim"
# set project_dir "vivado_project"
# set rtl_dir "rv32/rtl"
# set tb_dir "rv32/tb"
# if {[file exists $project_dir]} {
#     puts "删除旧项目..."
#     file delete -force $project_dir
# }
# puts "创建项目: $project_name"
创建项目: rv32_sim
# create_project $project_name $project_dir -part xc7z020clg484-1
# puts "添加源文件..."
添加源文件...
# add_files -fileset sources_1 \
#     $rtl_dir/rv32_pkg.vh \
#     $rtl_dir/rv32_alu.v \
#     $rtl_dir/rv32_branch.v \
#     $rtl_dir/rv32_decode.v \
#     $rtl_dir/rv32_imm.v \
#     $rtl_dir/rv32_mem_if.v \
#     $rtl_dir/rv32_regfile.v \
#     $rtl_dir/rv32_core.v \
#     $rtl_dir/rv32_top.v
ERROR: [Vivado 12-172] File or Directory 'rv32/rtl/rv32_pkg.vh' does not exist
INFO: [Common 17-206] Exiting Vivado at Sun Apr 12 23:24:02 2026...
