INFO: [VRFC 10-2263] Analyzing Verilog file "C:/Users/37664/Desktop/code/VerilogProjects/rv32/rtl/rv32_alu.v" into library xil_defaultlib
INFO: [VRFC 10-311] analyzing module rv32_alu
ERROR: [VRFC 10-1412] syntax error near begin [C:/Users/37664/Desktop/code/VerilogProjects/rv32/rtl/rv32_alu.v:32]
ERROR: [VRFC 10-2790] Verilog 2000 keyword begin used in incorrect context [C:/Users/37664/Desktop/code/VerilogProjects/rv32/rtl/rv32_alu.v:32]
ERROR: [VRFC 10-2934] 'ALU_SUB' is already declared [C:/Users/37664/Desktop/code/VerilogProjects/rv32/rtl/rv32_alu.v:35]
ERROR: [VRFC 10-1412] syntax error near y [C:/Users/37664/Desktop/code/VerilogProjects/rv32/rtl/rv32_alu.v:35]
ERROR: [VRFC 10-2934] 'ALU_AND' is already declared [C:/Users/37664/Desktop/code/VerilogProjects/rv32/rtl/rv32_alu.v:36]
ERROR: [VRFC 10-1412] syntax error near y [C:/Users/37664/Desktop/code/VerilogProjects/rv32/rtl/rv32_alu.v:36]
ERROR: [VRFC 10-2934] 'ALU_OR' is already declared [C:/Users/37664/Desktop/code/VerilogProjects/rv32/rtl/rv32_alu.v:37]
ERROR: [VRFC 10-1412] syntax error near y [C:/Users/37664/Desktop/code/VerilogProjects/rv32/rtl/rv32_alu.v:37]
ERROR: [VRFC 10-2934] 'ALU_XOR' is already declared [C:/Users/37664/Desktop/code/VerilogProjects/rv32/rtl/rv32_alu.v:38]
ERROR: [VRFC 10-1412] syntax error near y [C:/Users/37664/Desktop/code/VerilogProjects/rv32/rtl/rv32_alu.v:38]
ERROR: [VRFC 10-2934] 'ALU_SLT' is already declared [C:/Users/37664/Desktop/code/VerilogProjects/rv32/rtl/rv32_alu.v:39]
ERROR: [VRFC 10-1412] syntax error near y [C:/Users/37664/Desktop/code/VerilogProjects/rv32/rtl/rv32_alu.v:39]
ERROR: [VRFC 10-2934] 'ALU_SLTU' is already declared [C:/Users/37664/Desktop/code/VerilogProjects/rv32/rtl/rv32_alu.v:40]
ERROR: [VRFC 10-1412] syntax error near y [C:/Users/37664/Desktop/code/VerilogProjects/rv32/rtl/rv32_alu.v:40]
ERROR: [VRFC 10-2934] 'ALU_SLL' is already declared [C:/Users/37664/Desktop/code/VerilogProjects/rv32/rtl/rv32_alu.v:41]
ERROR: [VRFC 10-1412] syntax error near y [C:/Users/37664/Desktop/code/VerilogProjects/rv32/rtl/rv32_alu.v:41]
ERROR: [VRFC 10-2934] 'ALU_SRL' is already declared [C:/Users/37664/Desktop/code/VerilogProjects/rv32/rtl/rv32_alu.v:42]
ERROR: [VRFC 10-1412] syntax error near y [C:/Users/37664/Desktop/code/VerilogProjects/rv32/rtl/rv32_alu.v:42]
ERROR: [VRFC 10-2934] 'ALU_SRA' is already declared [C:/Users/37664/Desktop/code/VerilogProjects/rv32/rtl/rv32_alu.v:43]
INFO: [#UNDEF] Sorry, too many errors..
